<?xml version="1.0" encoding="UTF-8" standalone="no"?>
<testsuite failures="0" name="cucumber.runtime.formatter.JUnitFormatter" skipped="0" tests="1" time="0.007389">
<testcase classname="Login functionality of amazon" name="Open amazon website and validate invalid data for login functionality" time="0.007389">
<system-out><![CDATA[Given User should be on amazon home page....................................skipped
When User should navigate to login page and fill "karthi@gmail.com".........skipped
And User click on continue button...........................................skipped
And User has to fill "0987654" and click login button.......................skipped
Then User should see the error message......................................skipped
]]></system-out>
</testcase>
</testsuite>
