<?xml version="1.0" encoding="UTF-8" standalone="no"?>
<testsuite failures="0" name="cucumber.runtime.formatter.JUnitFormatter" skipped="0" tests="1" time="108.988526">
<testcase classname="Login functionality of amazon" name="Open amazon website and validate invalid data for login functionality" time="108.988526">
<system-out><![CDATA[Given User should be on amazon home page....................................passed
When User should navigate to login page and fill "karthi@gmail.com".........passed
And User click on continue button...........................................passed
And User has to fill "0987654" and click login button.......................passed
Then User should see the error message......................................passed
]]></system-out>
</testcase>
</testsuite>
