<?xml version="1.0" encoding="UTF-8"?>
<!-- Generated by org.testng.reporters.JUnitReportReporter -->
<testsuite skipped="6" hostname="Lenovo" name="org.sele.task.Day2Locators" tests="7" failures="0" timestamp="02 Jan 2022 06:40:48 GMT" time="18.295" errors="0">
  <testcase name="instagram" time="18.295" classname="org.sele.task.Day2Locators"/>
  <testcase name="google" classname="org.sele.task.Day2Locators">
    <skipped/>
  </testcase> <!-- google -->
  <testcase name="hdfcbank" classname="org.sele.task.Day2Locators">
    <skipped/>
  </testcase> <!-- hdfcbank -->
  <testcase name="autotest" classname="org.sele.task.Day2Locators">
    <skipped/>
  </testcase> <!-- autotest -->
  <testcase name="swiggy" classname="org.sele.task.Day2Locators">
    <skipped/>
  </testcase> <!-- swiggy -->
  <testcase name="locators" classname="org.sele.task.Day2Locators">
    <skipped/>
  </testcase> <!-- locators -->
  <testcase name="snapdeal" classname="org.sele.task.Day2Locators">
    <skipped/>
  </testcase> <!-- snapdeal -->
</testsuite> <!-- org.sele.task.Day2Locators -->
