<?xml version="1.0" encoding="UTF-8"?>
<!-- Generated by org.testng.reporters.JUnitReportReporter -->
<testsuite skipped="0" hostname="Lenovo" name="org.amazon.test.Amazon" tests="1" failures="0" timestamp="02 Jan 2022 16:25:18 GMT" time="93.020" errors="0">
  <testcase name="amazon" time="93.020" classname="org.amazon.test.Amazon"/>
</testsuite> <!-- org.amazon.test.Amazon -->
