<?xml version="1.0" encoding="UTF-8"?>
<!-- Generated by org.testng.reporters.JUnitReportReporter -->
<testsuite skipped="3" hostname="Lenovo" name="org.sele.task.Day3Locators" tests="4" failures="0" timestamp="12 Jan 2022 10:30:49 GMT" time="26.643" errors="0">
  <testcase name="myntra" time="26.643" classname="org.sele.task.Day3Locators"/>
  <testcase name="automatioTesting" classname="org.sele.task.Day3Locators">
    <skipped/>
  </testcase> <!-- automatioTesting -->
  <testcase name="redbus" classname="org.sele.task.Day3Locators">
    <skipped/>
  </testcase> <!-- redbus -->
  <testcase name="amazon" classname="org.sele.task.Day3Locators">
    <skipped/>
  </testcase> <!-- amazon -->
</testsuite> <!-- org.sele.task.Day3Locators -->
