<?xml version="1.0" encoding="UTF-8"?>
<!-- Generated by org.testng.reporters.JUnitReportReporter -->
<testsuite skipped="0" hostname="Lenovo" name="org.runner.TestRunner" tests="1" failures="0" timestamp="09 Feb 2022 15:09:13 GMT" time="109.513" errors="0">
  <testcase name="runScenario" time="109.513" classname="org.runner.TestRunner"/>
</testsuite> <!-- org.runner.TestRunner -->
